c:\users\ga1a\desktop\マスターデータ\オーバーキラー\オーバーキラー\x64\debug\vc141.pdb
c:\users\ga1a\desktop\マスターデータ\オーバーキラー\オーバーキラー\x64\debug\vc141.idb
c:\users\ga1a\desktop\マスターデータ\オーバーキラー\オーバーキラー\x64\debug\scenemain.obj
c:\users\ga1a\desktop\マスターデータ\オーバーキラー\オーバーキラー\x64\debug\objstage.obj
c:\users\ga1a\desktop\マスターデータ\オーバーキラー\オーバーキラー\x64\debug\objhero.obj
c:\users\ga1a\desktop\マスターデータ\オーバーキラー\オーバーキラー\x64\debug\objenemy.obj
c:\users\ga1a\desktop\マスターデータ\オーバーキラー\オーバーキラー\x64\debug\objblock.obj
c:\users\ga1a\desktop\マスターデータ\オーバーキラー\オーバーキラー\x64\debug\wininputs.obj
c:\users\ga1a\desktop\マスターデータ\オーバーキラー\オーバーキラー\x64\debug\userdata.obj
c:\users\ga1a\desktop\マスターデータ\オーバーキラー\オーバーキラー\x64\debug\setwindow.obj
c:\users\ga1a\desktop\マスターデータ\オーバーキラー\オーバーキラー\x64\debug\sceneobjmanager.obj
c:\users\ga1a\desktop\マスターデータ\オーバーキラー\オーバーキラー\x64\debug\scenemanager.obj
c:\users\ga1a\desktop\マスターデータ\オーバーキラー\オーバーキラー\x64\debug\multithread.obj
c:\users\ga1a\desktop\マスターデータ\オーバーキラー\オーバーキラー\x64\debug\hitboxmanager.obj
c:\users\ga1a\desktop\マスターデータ\オーバーキラー\オーバーキラー\x64\debug\gamel_main.obj
c:\users\ga1a\desktop\マスターデータ\オーバーキラー\オーバーキラー\x64\debug\drawtexture.obj
c:\users\ga1a\desktop\マスターデータ\オーバーキラー\オーバーキラー\x64\debug\drawfont.obj
c:\users\ga1a\desktop\マスターデータ\オーバーキラー\オーバーキラー\x64\debug\draw2dtex_source.obj
c:\users\ga1a\desktop\マスターデータ\オーバーキラー\オーバーキラー\x64\debug\directxdevice.obj
c:\users\ga1a\desktop\マスターデータ\オーバーキラー\オーバーキラー\x64\debug\audio.obj
c:\users\ga1a\desktop\マスターデータ\オーバーキラー\オーバーキラー\x64\debug\cobjbullet.obj
c:\users\ga1a\desktop\マスターデータ\オーバーキラー\x64\debug\オーバーキラー.ilk
c:\users\ga1a\desktop\マスターデータ\オーバーキラー\x64\debug\オーバーキラー.exe
c:\users\ga1a\desktop\マスターデータ\オーバーキラー\x64\debug\オーバーキラー.pdb
c:\users\ga1a\desktop\マスターデータ\オーバーキラー\オーバーキラー\x64\debug\オーバーキラー.tlog\cl.command.1.tlog
c:\users\ga1a\desktop\マスターデータ\オーバーキラー\オーバーキラー\x64\debug\オーバーキラー.tlog\cl.read.1.tlog
c:\users\ga1a\desktop\マスターデータ\オーバーキラー\オーバーキラー\x64\debug\オーバーキラー.tlog\cl.write.1.tlog
c:\users\ga1a\desktop\マスターデータ\オーバーキラー\オーバーキラー\x64\debug\オーバーキラー.tlog\link.command.1.tlog
c:\users\ga1a\desktop\マスターデータ\オーバーキラー\オーバーキラー\x64\debug\オーバーキラー.tlog\link.read.1.tlog
c:\users\ga1a\desktop\マスターデータ\オーバーキラー\オーバーキラー\x64\debug\オーバーキラー.tlog\link.write.1.tlog
