  CObjBullet.cpp
  CObjMediumBoss.cpp
c:\users\ga1a\desktop\これでお願い\オーバーキラー\オーバーキラー\cobjmediumboss.cpp(21): warning C4552: '-': 式の結果が使用されていません
c:\users\ga1a\desktop\これでお願い\オーバーキラー\オーバーキラー\cobjmediumboss.cpp(100): warning C4244: '+=': 'double' から 'float' への変換です。データが失われる可能性があります。
c:\users\ga1a\desktop\これでお願い\オーバーキラー\オーバーキラー\cobjmediumboss.cpp(103): warning C4305: '+=': 'double' から 'float' へ切り詰めます。
  CObjSpecialEnemy.cpp
c:\users\ga1a\desktop\これでお願い\オーバーキラー\オーバーキラー\cobjspecialenemy.cpp(21): warning C4552: '-': 式の結果が使用されていません
c:\users\ga1a\desktop\これでお願い\オーバーキラー\オーバーキラー\cobjspecialenemy.cpp(99): warning C4244: '+=': 'double' から 'float' への変換です。データが失われる可能性があります。
c:\users\ga1a\desktop\これでお願い\オーバーキラー\オーバーキラー\cobjspecialenemy.cpp(102): warning C4305: '+=': 'double' から 'float' へ切り詰めます。
  GameL_Main.cpp
  ObjBlock.cpp
c:\users\ga1a\desktop\これでお願い\オーバーキラー\オーバーキラー\objblock.cpp(103): warning C4244: '=': 'double' から 'float' への変換です。データが失われる可能性があります。
c:\users\ga1a\desktop\これでお願い\オーバーキラー\オーバーキラー\objblock.cpp(104): warning C4244: '=': 'double' から 'float' への変換です。データが失われる可能性があります。
c:\users\ga1a\desktop\これでお願い\オーバーキラー\オーバーキラー\objblock.cpp(77): warning C4101: 'src': ローカル変数は 1 度も使われていません。
  ObjEnemy.cpp
c:\users\ga1a\desktop\これでお願い\オーバーキラー\オーバーキラー\objenemy.cpp(99): warning C4244: '+=': 'double' から 'float' への変換です。データが失われる可能性があります。
c:\users\ga1a\desktop\これでお願い\オーバーキラー\オーバーキラー\objenemy.cpp(102): warning C4305: '+=': 'double' から 'float' へ切り詰めます。
  ObjEnemyBoss.cpp
c:\users\ga1a\desktop\これでお願い\オーバーキラー\オーバーキラー\objenemyboss.cpp(21): warning C4552: '-': 式の結果が使用されていません
c:\users\ga1a\desktop\これでお願い\オーバーキラー\オーバーキラー\objenemyboss.cpp(99): warning C4244: '+=': 'double' から 'float' への変換です。データが失われる可能性があります。
c:\users\ga1a\desktop\これでお願い\オーバーキラー\オーバーキラー\objenemyboss.cpp(102): warning C4305: '+=': 'double' から 'float' へ切り詰めます。
  ObjHero.cpp
c:\users\ga1a\desktop\これでお願い\オーバーキラー\オーバーキラー\objhero.cpp(127): warning C4244: '+=': 'double' から 'float' への変換です。データが失われる可能性があります。
c:\users\ga1a\desktop\これでお願い\オーバーキラー\オーバーキラー\objhero.cpp(130): warning C4305: '+=': 'double' から 'float' へ切り詰めます。
  ObjTitle.cpp
  SceneMain.cpp
  SceneTitle.cpp
  コードを生成中...
  オーバーキラー.vcxproj -> C:\Users\GA1A\Desktop\これでお願い\オーバーキラー\x64\Debug\オーバーキラー.exe
