c:\users\ga1a\desktop\マスターデータ\オーバーキラー\オーバーキラー\x64\release\vc141.pdb
c:\users\ga1a\desktop\マスターデータ\オーバーキラー\オーバーキラー\x64\release\objclear.obj
c:\users\ga1a\desktop\マスターデータ\オーバーキラー\オーバーキラー\x64\release\objbulletitem.obj
c:\users\ga1a\desktop\マスターデータ\オーバーキラー\オーバーキラー\x64\release\objblock.obj
c:\users\ga1a\desktop\マスターデータ\オーバーキラー\オーバーキラー\x64\release\wininputs.obj
c:\users\ga1a\desktop\マスターデータ\オーバーキラー\オーバーキラー\x64\release\userdata.obj
c:\users\ga1a\desktop\マスターデータ\オーバーキラー\オーバーキラー\x64\release\setwindow.obj
c:\users\ga1a\desktop\マスターデータ\オーバーキラー\オーバーキラー\x64\release\sceneobjmanager.obj
c:\users\ga1a\desktop\マスターデータ\オーバーキラー\オーバーキラー\x64\release\scenemanager.obj
c:\users\ga1a\desktop\マスターデータ\オーバーキラー\オーバーキラー\x64\release\multithread.obj
c:\users\ga1a\desktop\マスターデータ\オーバーキラー\オーバーキラー\x64\release\hitboxmanager.obj
c:\users\ga1a\desktop\マスターデータ\オーバーキラー\オーバーキラー\x64\release\gamel_main.obj
c:\users\ga1a\desktop\マスターデータ\オーバーキラー\オーバーキラー\x64\release\drawtexture.obj
c:\users\ga1a\desktop\マスターデータ\オーバーキラー\オーバーキラー\x64\release\drawfont.obj
c:\users\ga1a\desktop\マスターデータ\オーバーキラー\オーバーキラー\x64\release\draw2dtex_source.obj
c:\users\ga1a\desktop\マスターデータ\オーバーキラー\オーバーキラー\x64\release\directxdevice.obj
c:\users\ga1a\desktop\マスターデータ\オーバーキラー\オーバーキラー\x64\release\audio.obj
c:\users\ga1a\desktop\マスターデータ\オーバーキラー\オーバーキラー\x64\release\cobjspecialenemy.obj
c:\users\ga1a\desktop\マスターデータ\オーバーキラー\オーバーキラー\x64\release\cobjmediumboss.obj
c:\users\ga1a\desktop\マスターデータ\オーバーキラー\オーバーキラー\x64\release\cobjbulletleft.obj
c:\users\ga1a\desktop\マスターデータ\オーバーキラー\オーバーキラー\x64\release\cobjbullet.obj
c:\users\ga1a\desktop\マスターデータ\オーバーキラー\オーバーキラー\x64\release\scenetitle.obj
c:\users\ga1a\desktop\マスターデータ\オーバーキラー\オーバーキラー\x64\release\scenerespoawn.obj
c:\users\ga1a\desktop\マスターデータ\オーバーキラー\オーバーキラー\x64\release\scenemain.obj
c:\users\ga1a\desktop\マスターデータ\オーバーキラー\オーバーキラー\x64\release\scenegameover.obj
c:\users\ga1a\desktop\マスターデータ\オーバーキラー\オーバーキラー\x64\release\sceneclear.obj
c:\users\ga1a\desktop\マスターデータ\オーバーキラー\オーバーキラー\x64\release\objtitle.obj
c:\users\ga1a\desktop\マスターデータ\オーバーキラー\オーバーキラー\x64\release\objstage.obj
c:\users\ga1a\desktop\マスターデータ\オーバーキラー\オーバーキラー\x64\release\objrespoawn.obj
c:\users\ga1a\desktop\マスターデータ\オーバーキラー\オーバーキラー\x64\release\objhero.obj
c:\users\ga1a\desktop\マスターデータ\オーバーキラー\オーバーキラー\x64\release\objhealitem.obj
c:\users\ga1a\desktop\マスターデータ\オーバーキラー\オーバーキラー\x64\release\objgameover.obj
c:\users\ga1a\desktop\マスターデータ\オーバーキラー\オーバーキラー\x64\release\objenemyboss.obj
c:\users\ga1a\desktop\マスターデータ\オーバーキラー\オーバーキラー\x64\release\objenemy.obj
c:\users\ga1a\desktop\マスターデータ\オーバーキラー\x64\release\オーバーキラー.exe
c:\users\ga1a\desktop\マスターデータ\オーバーキラー\x64\release\オーバーキラー.pdb
c:\users\ga1a\desktop\マスターデータ\オーバーキラー\x64\release\オーバーキラー.ipdb
c:\users\ga1a\desktop\マスターデータ\オーバーキラー\x64\release\オーバーキラー.iobj
c:\users\ga1a\desktop\マスターデータ\オーバーキラー\オーバーキラー\x64\release\オーバーキラー.tlog\cl.command.1.tlog
c:\users\ga1a\desktop\マスターデータ\オーバーキラー\オーバーキラー\x64\release\オーバーキラー.tlog\cl.read.1.tlog
c:\users\ga1a\desktop\マスターデータ\オーバーキラー\オーバーキラー\x64\release\オーバーキラー.tlog\cl.write.1.tlog
c:\users\ga1a\desktop\マスターデータ\オーバーキラー\オーバーキラー\x64\release\オーバーキラー.tlog\link.command.1.tlog
c:\users\ga1a\desktop\マスターデータ\オーバーキラー\オーバーキラー\x64\release\オーバーキラー.tlog\link.read.1.tlog
c:\users\ga1a\desktop\マスターデータ\オーバーキラー\オーバーキラー\x64\release\オーバーキラー.tlog\link.write.1.tlog
c:\users\ga1a\desktop\マスターデータ\オーバーキラー\オーバーキラー\x64\release\オーバーキラー.tlog\オーバーキラー.write.1u.tlog
